<?xml version="1.0" encoding="UTF-8"?>
<testsuite name="TestFlatMap" tests="2" skipped="0" failures="0" errors="0" timestamp="2025-03-01T20:10:18" hostname="MacBook-Pro-Dmitry-2.local" time="0.014">
  <properties/>
  <testcase name="testGetOrderedProductsSet" classname="TestFlatMap" time="0.012"/>
  <testcase name="testGetAllOrderedProducts" classname="TestFlatMap" time="0.001"/>
  <system-out><![CDATA[]]></system-out>
  <system-err><![CDATA[]]></system-err>
</testsuite>
