<?xml version="1.0" encoding="UTF-8"?>
<testsuite name="TestDelegatesExamples" tests="2" skipped="0" failures="0" errors="0" timestamp="2025-03-01T20:21:43" hostname="MacBook-Pro-Dmitry-2.local" time="0.003">
  <properties/>
  <testcase name="testLazy" classname="TestDelegatesExamples" time="0.002"/>
  <testcase name="initializedOnce" classname="TestDelegatesExamples" time="0.0"/>
  <system-out><![CDATA[]]></system-out>
  <system-err><![CDATA[]]></system-err>
</testsuite>
