<?xml version="1.0" encoding="UTF-8"?>
<testsuite name="TestTheFunctionWith" tests="2" skipped="0" failures="0" errors="0" timestamp="2025-03-01T20:33:51" hostname="MacBook-Pro-Dmitry-2.local" time="0.003">
  <properties/>
  <testcase name="testCreateString" classname="TestTheFunctionWith" time="0.003"/>
  <testcase name="testCreateMap" classname="TestTheFunctionWith" time="0.0"/>
  <system-out><![CDATA[]]></system-out>
  <system-err><![CDATA[]]></system-err>
</testsuite>
