<?xml version="1.0" encoding="UTF-8"?>
<testsuite name="TestGenericFunctions" tests="2" skipped="0" failures="0" errors="0" timestamp="2025-03-01T20:40:35" hostname="MacBook-Pro-Dmitry-2.local" time="0.014">
  <properties/>
  <testcase name="testPartitionLettersAndOtherSymbols" classname="TestGenericFunctions" time="0.009"/>
  <testcase name="testPartitionWordsAndLines" classname="TestGenericFunctions" time="0.004"/>
  <system-out><![CDATA[]]></system-out>
  <system-err><![CDATA[]]></system-err>
</testsuite>
