<?xml version="1.0" encoding="UTF-8"?>
<testsuite name="Test" tests="1" skipped="0" failures="0" errors="0" timestamp="2025-03-01T19:46:19" hostname="MacBook-Pro-Dmitry-2.local" time="0.011">
  <properties/>
  <testcase name="testRandom" classname="Test" time="0.011"/>
  <system-out><![CDATA[]]></system-out>
  <system-err><![CDATA[]]></system-err>
</testsuite>
