<?xml version="1.0" encoding="UTF-8"?>
<testsuite name="TestDataClasses" tests="2" skipped="0" failures="0" errors="0" timestamp="2025-03-01T19:42:02" hostname="MacBook-Pro-Dmitry-2.local" time="0.01">
  <properties/>
  <testcase name="testComparePeople" classname="TestDataClasses" time="0.002"/>
  <testcase name="testListOfPeople" classname="TestDataClasses" time="0.008"/>
  <system-out><![CDATA[]]></system-out>
  <system-err><![CDATA[]]></system-err>
</testsuite>
