<?xml version="1.0" encoding="UTF-8"?>
<testsuite name="TestProperties" tests="1" skipped="0" failures="0" errors="0" timestamp="2025-03-01T20:19:59" hostname="MacBook-Pro-Dmitry-2.local" time="0.001">
  <properties/>
  <testcase name="testPropertyWithCounter" classname="TestProperties" time="0.001"/>
  <system-out><![CDATA[]]></system-out>
  <system-err><![CDATA[]]></system-err>
</testsuite>
