<?xml version="1.0" encoding="UTF-8"?>
<testsuite name="TestHtmlBuilders" tests="2" skipped="0" failures="0" errors="0" timestamp="2025-03-01T20:38:04" hostname="MacBook-Pro-Dmitry-2.local" time="0.015">
  <properties/>
  <testcase name="productTableIsColored" classname="TestHtmlBuilders" time="0.014"/>
  <testcase name="productTableIsFilled" classname="TestHtmlBuilders" time="0.0"/>
  <system-out><![CDATA[]]></system-out>
  <system-err><![CDATA[]]></system-err>
</testsuite>
