<?xml version="1.0" encoding="UTF-8"?>
<testsuite name="TestDelegatesHowItWorks" tests="1" skipped="0" failures="0" errors="0" timestamp="2025-03-01T20:29:37" hostname="MacBook-Pro-Dmitry-2.local" time="0.005">
  <properties/>
  <testcase name="testDate" classname="TestDelegatesHowItWorks" time="0.005"/>
  <system-out><![CDATA[]]></system-out>
  <system-err><![CDATA[]]></system-err>
</testsuite>
