<?xml version="1.0" encoding="UTF-8"?>
<testsuite name="TestLambdas" tests="2" skipped="0" failures="0" errors="0" timestamp="2025-03-01T19:40:58" hostname="MacBook-Pro-Dmitry-2.local" time="0.009">
  <properties/>
  <testcase name="contains" classname="TestLambdas" time="0.008"/>
  <testcase name="notContains" classname="TestLambdas" time="0.001"/>
  <system-out><![CDATA[]]></system-out>
  <system-err><![CDATA[]]></system-err>
</testsuite>
