<?xml version="1.0" encoding="UTF-8"?>
<testsuite name="TestGroupBy" tests="1" skipped="0" failures="0" errors="0" timestamp="2025-03-01T20:04:55" hostname="MacBook-Pro-Dmitry-2.local" time="0.012">
  <properties/>
  <testcase name="testGroupCustomersByCity" classname="TestGroupBy" time="0.012"/>
  <system-out><![CDATA[]]></system-out>
  <system-err><![CDATA[]]></system-err>
</testsuite>
