<?xml version="1.0" encoding="UTF-8"?>
<testsuite name="TestBuildersHowItWorks" tests="1" skipped="0" failures="0" errors="0" timestamp="2025-03-01T20:39:09" hostname="MacBook-Pro-Dmitry-2.local" time="0.006">
  <properties/>
  <testcase name="testBuildersQuiz" classname="TestBuildersHowItWorks" time="0.006"/>
  <system-out><![CDATA[]]></system-out>
  <system-err><![CDATA[]]></system-err>
</testsuite>
